# JRE version: OpenJDK Runtime Environment 18.9 (11.0.16+8) (build 11.0.16+8)
# Java VM: OpenJDK 64-Bit Server VM 18.9 (11.0.16+8, mixed mode, tiered, compressed oops, g1 gc, windows-amd64)
Heap:
 garbage-first heap   total 405504K, used 220404K [0x0000000080000000, 0x0000000100000000)
  region size 1024K, 5 young (5120K), 5 survivors (5120K)
 Metaspace       used 135967K, capacity 141854K, committed 141904K, reserved 647168K
  class space    used 16964K, capacity 19152K, committed 19200K, reserved 516096K
GC Heap History (20 events):
Event: 4012.160 GC heap before
{Heap before GC invocations=88 (full 0):
 garbage-first heap   total 405504K, used 228699K [0x0000000080000000, 0x0000000100000000)
  region size 1024K, 19 young (19456K), 10 survivors (10240K)
 Metaspace       used 134706K, capacity 140476K, committed 140752K, reserved 638976K
  class space    used 16904K, capacity 19046K, committed 19072K, reserved 516096K
}
Event: 4012.186 GC heap after
{Heap after GC invocations=89 (full 0):
 garbage-first heap   total 405504K, used 217813K [0x0000000080000000, 0x0000000100000000)
  region size 1024K, 3 young (3072K), 3 survivors (3072K)
 Metaspace       used 134706K, capacity 140476K, committed 140752K, reserved 638976K
  class space    used 16904K, capacity 19046K, committed 19072K, reserved 516096K
}
Event: 5181.733 GC heap before
{Heap before GC invocations=89 (full 0):
 garbage-first heap   total 405504K, used 321237K [0x0000000080000000, 0x0000000100000000)
  region size 1024K, 104 young (106496K), 3 survivors (3072K)
 Metaspace       used 134976K, capacity 140865K, committed 141008K, reserved 638976K
  class space    used 16914K, capacity 19061K, committed 19072K, reserved 516096K
}
Event: 5181.792 GC heap after
{Heap after GC invocations=90 (full 0):
 garbage-first heap   total 405504K, used 222766K [0x0000000080000000, 0x0000000100000000)
  region size 1024K, 8 young (8192K), 8 survivors (8192K)
 Metaspace       used 134976K, capacity 140865K, committed 141008K, reserved 638976K
  class space    used 16914K, capacity 19061K, committed 19072K, reserved 516096K
}
Event: 5187.874 GC heap before
{Heap before GC invocations=91 (full 0):
 garbage-first heap   total 405504K, used 325166K [0x0000000080000000, 0x0000000100000000)
  region size 1024K, 109 young (111616K), 8 survivors (8192K)
 Metaspace       used 135308K, capacity 141197K, committed 141392K, reserved 638976K
  class space    used 16933K, capacity 19096K, committed 19200K, reserved 516096K
}
Event: 5187.914 GC heap after
{Heap after GC invocations=92 (full 0):
 garbage-first heap   total 405504K, used 239610K [0x0000000080000000, 0x0000000100000000)
  region size 1024K, 14 young (14336K), 14 survivors (14336K)
 Metaspace       used 135308K, capacity 141197K, committed 141392K, reserved 638976K
  class space    used 16933K, capacity 19096K, committed 19200K, reserved 516096K
}
Event: 5188.000 GC heap before
{Heap before GC invocations=92 (full 0):
 garbage-first heap   total 405504K, used 244730K [0x0000000080000000, 0x0000000100000000)
  region size 1024K, 19 young (19456K), 14 survivors (14336K)
 Metaspace       used 135340K, capacity 141198K, committed 141392K, reserved 638976K
  class space    used 16933K, capacity 19096K, committed 19200K, reserved 516096K
}
Event: 5188.050 GC heap after
{Heap after GC invocations=93 (full 0):
 garbage-first heap   total 405504K, used 238994K [0x0000000080000000, 0x0000000100000000)
  region size 1024K, 3 young (3072K), 3 survivors (3072K)
 Metaspace       used 135340K, capacity 141198K, committed 141392K, reserved 638976K
  class space    used 16933K, capacity 19096K, committed 19200K, reserved 516096K
}
Event: 5189.132 GC heap before
{Heap before GC invocations=93 (full 0):
 garbage-first heap   total 405504K, used 329106K [0x0000000080000000, 0x0000000100000000)
  region size 1024K, 91 young (93184K), 3 survivors (3072K)
 Metaspace       used 135512K, capacity 141403K, committed 141648K, reserved 638976K
  class space    used 16934K, capacity 19097K, committed 19200K, reserved 516096K
}
Event: 5189.162 GC heap after
{Heap after GC invocations=94 (full 0):
 garbage-first heap   total 405504K, used 256512K [0x0000000080000000, 0x0000000100000000)
  region size 1024K, 12 young (12288K), 12 survivors (12288K)
 Metaspace       used 135512K, capacity 141403K, committed 141648K, reserved 638976K
  class space    used 16934K, capacity 19097K, committed 19200K, reserved 516096K
}
Event: 5189.985 GC heap before
{Heap before GC invocations=95 (full 0):
 garbage-first heap   total 405504K, used 330240K [0x0000000080000000, 0x0000000100000000)
  region size 1024K, 87 young (89088K), 12 survivors (12288K)
 Metaspace       used 135596K, capacity 141506K, committed 141648K, reserved 638976K
  class space    used 16938K, capacity 19105K, committed 19200K, reserved 516096K
}
Event: 5190.011 GC heap after
{Heap after GC invocations=96 (full 0):
 garbage-first heap   total 405504K, used 262824K [0x0000000080000000, 0x0000000100000000)
  region size 1024K, 8 young (8192K), 8 survivors (8192K)
 Metaspace       used 135596K, capacity 141506K, committed 141648K, reserved 638976K
  class space    used 16938K, capacity 19105K, committed 19200K, reserved 516096K
}
Event: 5190.518 GC heap before
{Heap before GC invocations=96 (full 0):
 garbage-first heap   total 405504K, used 273064K [0x0000000080000000, 0x0000000100000000)
  region size 1024K, 19 young (19456K), 8 survivors (8192K)
 Metaspace       used 135600K, capacity 141506K, committed 141648K, reserved 638976K
  class space    used 16938K, capacity 19105K, committed 19200K, reserved 516096K
}
Event: 5190.542 GC heap after
{Heap after GC invocations=97 (full 0):
 garbage-first heap   total 405504K, used 229035K [0x0000000080000000, 0x0000000100000000)
  region size 1024K, 2 young (2048K), 2 survivors (2048K)
 Metaspace       used 135600K, capacity 141506K, committed 141648K, reserved 638976K
  class space    used 16938K, capacity 19105K, committed 19200K, reserved 516096K
}
Event: 5191.203 GC heap before
{Heap before GC invocations=97 (full 0):
 garbage-first heap   total 405504K, used 246443K [0x0000000080000000, 0x0000000100000000)
  region size 1024K, 19 young (19456K), 2 survivors (2048K)
 Metaspace       used 135600K, capacity 141506K, committed 141648K, reserved 638976K
  class space    used 16938K, capacity 19105K, committed 19200K, reserved 516096K
}
Event: 5191.231 GC heap after
{Heap after GC invocations=98 (full 0):
 garbage-first heap   total 405504K, used 216550K [0x0000000080000000, 0x0000000100000000)
  region size 1024K, 1 young (1024K), 1 survivors (1024K)
 Metaspace       used 135600K, capacity 141506K, committed 141648K, reserved 638976K
  class space    used 16938K, capacity 19105K, committed 19200K, reserved 516096K
}
Event: 5193.211 GC heap before
{Heap before GC invocations=98 (full 0):
 garbage-first heap   total 405504K, used 311782K [0x0000000080000000, 0x0000000100000000)
  region size 1024K, 94 young (96256K), 1 survivors (1024K)
 Metaspace       used 135729K, capacity 141629K, committed 141904K, reserved 638976K
  class space    used 16945K, capacity 19119K, committed 19200K, reserved 516096K
}
Event: 5193.228 GC heap after
{Heap after GC invocations=99 (full 0):
 garbage-first heap   total 405504K, used 220393K [0x0000000080000000, 0x0000000100000000)
  region size 1024K, 5 young (5120K), 5 survivors (5120K)
 Metaspace       used 135729K, capacity 141629K, committed 141904K, reserved 638976K
  class space    used 16945K, capacity 19119K, committed 19200K, reserved 516096K
}
Event: 5224.385 GC heap before
{Heap before GC invocations=100 (full 0):
 garbage-first heap   total 405504K, used 294121K [0x0000000080000000, 0x0000000100000000)
  region size 1024K, 78 young (79872K), 5 survivors (5120K)
 Metaspace       used 135967K, capacity 141854K, committed 141904K, reserved 645120K
  class space    used 16964K, capacity 19152K, committed 19200K, reserved 516096K
}
Event: 5224.397 GC heap after
{Heap after GC invocations=101 (full 0):
 garbage-first heap   total 405504K, used 220404K [0x0000000080000000, 0x0000000100000000)
  region size 1024K, 5 young (5120K), 5 survivors (5120K)
 Metaspace       used 135967K, capacity 141854K, committed 141904K, reserved 645120K
  class space    used 16964K, capacity 19152K, committed 19200K, reserved 516096K
}

