# JRE version: OpenJDK Runtime Environment 18.9 (11.0.16+8) (build 11.0.16+8)
# Java VM: OpenJDK 64-Bit Server VM 18.9 (11.0.16+8, mixed mode, tiered, compressed oops, g1 gc, windows-amd64)
Heap:
 garbage-first heap   total 286720K, used 150843K [0x0000000080000000, 0x0000000100000000)
  region size 1024K, 5 young (5120K), 5 survivors (5120K)
 Metaspace       used 110459K, capacity 115443K, committed 115540K, reserved 616448K
  class space    used 14513K, capacity 16396K, committed 16460K, reserved 516096K
GC Heap History (20 events):
Event: 31.270 GC heap after
{Heap after GC invocations=42 (full 0):
 garbage-first heap   total 152576K, used 127416K [0x0000000080000000, 0x0000000100000000)
  region size 1024K, 2 young (2048K), 2 survivors (2048K)
 Metaspace       used 100134K, capacity 104475K, committed 104788K, reserved 606208K
  class space    used 13155K, capacity 14818K, committed 14924K, reserved 516096K
}
Event: 31.303 GC heap before
{Heap before GC invocations=43 (full 0):
 garbage-first heap   total 152576K, used 132536K [0x0000000080000000, 0x0000000100000000)
  region size 1024K, 7 young (7168K), 2 survivors (2048K)
 Metaspace       used 100452K, capacity 104819K, committed 105044K, reserved 608256K
  class space    used 13207K, capacity 14890K, committed 14924K, reserved 516096K
}
Event: 31.305 GC heap after
{Heap after GC invocations=44 (full 0):
 garbage-first heap   total 152576K, used 127757K [0x0000000080000000, 0x0000000100000000)
  region size 1024K, 1 young (1024K), 1 survivors (1024K)
 Metaspace       used 100452K, capacity 104819K, committed 105044K, reserved 608256K
  class space    used 13207K, capacity 14890K, committed 14924K, reserved 516096K
}
Event: 31.342 GC heap before
{Heap before GC invocations=44 (full 0):
 garbage-first heap   total 152576K, used 132877K [0x0000000080000000, 0x0000000100000000)
  region size 1024K, 7 young (7168K), 1 survivors (1024K)
 Metaspace       used 100891K, capacity 105243K, committed 105428K, reserved 608256K
  class space    used 13258K, capacity 14923K, committed 15052K, reserved 516096K
}
Event: 31.345 GC heap after
{Heap after GC invocations=45 (full 0):
 garbage-first heap   total 183296K, used 127980K [0x0000000080000000, 0x0000000100000000)
  region size 1024K, 1 young (1024K), 1 survivors (1024K)
 Metaspace       used 100891K, capacity 105243K, committed 105428K, reserved 608256K
  class space    used 13258K, capacity 14923K, committed 15052K, reserved 516096K
}
Event: 31.462 GC heap before
{Heap before GC invocations=45 (full 0):
 garbage-first heap   total 183296K, used 144364K [0x0000000080000000, 0x0000000100000000)
  region size 1024K, 17 young (17408K), 1 survivors (1024K)
 Metaspace       used 101700K, capacity 106095K, committed 106324K, reserved 608256K
  class space    used 13356K, capacity 15058K, committed 15180K, reserved 516096K
}
Event: 31.465 GC heap after
{Heap after GC invocations=46 (full 0):
 garbage-first heap   total 183296K, used 128823K [0x0000000080000000, 0x0000000100000000)
  region size 1024K, 2 young (2048K), 2 survivors (2048K)
 Metaspace       used 101700K, capacity 106095K, committed 106324K, reserved 608256K
  class space    used 13356K, capacity 15058K, committed 15180K, reserved 516096K
}
Event: 31.655 GC heap before
{Heap before GC invocations=47 (full 0):
 garbage-first heap   total 183296K, used 145207K [0x0000000080000000, 0x0000000100000000)
  region size 1024K, 19 young (19456K), 2 survivors (2048K)
 Metaspace       used 102262K, capacity 106870K, committed 107092K, reserved 608256K
  class space    used 13428K, capacity 15165K, committed 15180K, reserved 516096K
}
Event: 31.658 GC heap after
{Heap after GC invocations=48 (full 0):
 garbage-first heap   total 183296K, used 130729K [0x0000000080000000, 0x0000000100000000)
  region size 1024K, 3 young (3072K), 3 survivors (3072K)
 Metaspace       used 102262K, capacity 106870K, committed 107092K, reserved 608256K
  class space    used 13428K, capacity 15165K, committed 15180K, reserved 516096K
}
Event: 31.676 GC heap before
{Heap before GC invocations=48 (full 0):
 garbage-first heap   total 183296K, used 130729K [0x0000000080000000, 0x0000000100000000)
  region size 1024K, 4 young (4096K), 3 survivors (3072K)
 Metaspace       used 102262K, capacity 106870K, committed 107092K, reserved 608256K
  class space    used 13428K, capacity 15165K, committed 15180K, reserved 516096K
}
Event: 31.681 GC heap after
{Heap after GC invocations=49 (full 0):
 garbage-first heap   total 183296K, used 131665K [0x0000000080000000, 0x0000000100000000)
  region size 1024K, 1 young (1024K), 1 survivors (1024K)
 Metaspace       used 102262K, capacity 106870K, committed 107092K, reserved 608256K
  class space    used 13428K, capacity 15165K, committed 15180K, reserved 516096K
}
Event: 31.836 GC heap before
{Heap before GC invocations=49 (full 0):
 garbage-first heap   total 183296K, used 149073K [0x0000000080000000, 0x0000000100000000)
  region size 1024K, 15 young (15360K), 1 survivors (1024K)
 Metaspace       used 103110K, capacity 107790K, committed 108116K, reserved 610304K
  class space    used 13536K, capacity 15301K, committed 15436K, reserved 516096K
}
Event: 31.839 GC heap after
{Heap after GC invocations=50 (full 0):
 garbage-first heap   total 222208K, used 136192K [0x0000000080000000, 0x0000000100000000)
  region size 1024K, 2 young (2048K), 2 survivors (2048K)
 Metaspace       used 103110K, capacity 107790K, committed 108116K, reserved 610304K
  class space    used 13536K, capacity 15301K, committed 15436K, reserved 516096K
}
Event: 32.108 GC heap before
{Heap before GC invocations=51 (full 0):
 garbage-first heap   total 222208K, used 163840K [0x0000000080000000, 0x0000000100000000)
  region size 1024K, 29 young (29696K), 2 survivors (2048K)
 Metaspace       used 104054K, capacity 108915K, committed 109012K, reserved 610304K
  class space    used 13674K, capacity 15514K, committed 15564K, reserved 516096K
}
Event: 32.113 GC heap after
{Heap after GC invocations=52 (full 0):
 garbage-first heap   total 222208K, used 140748K [0x0000000080000000, 0x0000000100000000)
  region size 1024K, 4 young (4096K), 4 survivors (4096K)
 Metaspace       used 104054K, capacity 108915K, committed 109012K, reserved 610304K
  class space    used 13674K, capacity 15514K, committed 15564K, reserved 516096K
}
Event: 32.379 GC heap before
{Heap before GC invocations=52 (full 0):
 garbage-first heap   total 222208K, used 168396K [0x0000000080000000, 0x0000000100000000)
  region size 1024K, 31 young (31744K), 4 survivors (4096K)
 Metaspace       used 106359K, capacity 111227K, committed 111444K, reserved 612352K
  class space    used 14016K, capacity 15853K, committed 15948K, reserved 516096K
}
Event: 32.385 GC heap after
{Heap after GC invocations=53 (full 0):
 garbage-first heap   total 222208K, used 142718K [0x0000000080000000, 0x0000000100000000)
  region size 1024K, 4 young (4096K), 4 survivors (4096K)
 Metaspace       used 106359K, capacity 111227K, committed 111444K, reserved 612352K
  class space    used 14016K, capacity 15853K, committed 15948K, reserved 516096K
}
Event: 32.753 GC heap before
{Heap before GC invocations=54 (full 0):
 garbage-first heap   total 222208K, used 171390K [0x0000000080000000, 0x0000000100000000)
  region size 1024K, 32 young (32768K), 4 survivors (4096K)
 Metaspace       used 109536K, capacity 114418K, committed 114644K, reserved 616448K
  class space    used 14412K, capacity 16264K, committed 16332K, reserved 516096K
}
Event: 32.760 GC heap after
{Heap after GC invocations=55 (full 0):
 garbage-first heap   total 222208K, used 144990K [0x0000000080000000, 0x0000000100000000)
  region size 1024K, 4 young (4096K), 4 survivors (4096K)
 Metaspace       used 109536K, capacity 114418K, committed 114644K, reserved 616448K
  class space    used 14412K, capacity 16264K, committed 16332K, reserved 516096K
}
Event: 33.047 GC heap before
{Heap before GC invocations=55 (full 0):
 garbage-first heap   total 222208K, used 174686K [0x0000000080000000, 0x0000000100000000)
  region size 1024K, 33 young (33792K), 4 survivors (4096K)
 Metaspace       used 110459K, capacity 115443K, committed 115540K, reserved 616448K
  class space    used 14513K, capacity 16396K, committed 16460K, reserved 516096K
}

