# JRE version: OpenJDK Runtime Environment 18.9 (11.0.16+8) (build 11.0.16+8)
# Java VM: OpenJDK 64-Bit Server VM 18.9 (11.0.16+8, mixed mode, tiered, compressed oops, g1 gc, windows-amd64)
Heap:
 garbage-first heap   total 380928K, used 268626K [0x0000000080000000, 0x0000000100000000)
  region size 1024K, 35 young (35840K), 4 survivors (4096K)
 Metaspace       used 129487K, capacity 135015K, committed 136660K, reserved 634880K
  class space    used 16121K, capacity 18029K, committed 18636K, reserved 516096K
GC Heap History (20 events):
Event: 1332.111 GC heap before
{Heap before GC invocations=92 (full 0):
 garbage-first heap   total 317440K, used 265009K [0x0000000080000000, 0x0000000100000000)
  region size 1024K, 38 young (38912K), 5 survivors (5120K)
 Metaspace       used 129647K, capacity 135627K, committed 135764K, reserved 634880K
  class space    used 16320K, capacity 18459K, committed 18508K, reserved 516096K
}
Event: 1332.119 GC heap after
{Heap after GC invocations=93 (full 0):
 garbage-first heap   total 317440K, used 236202K [0x0000000080000000, 0x0000000100000000)
  region size 1024K, 5 young (5120K), 5 survivors (5120K)
 Metaspace       used 129647K, capacity 135627K, committed 135764K, reserved 634880K
  class space    used 16320K, capacity 18459K, committed 18508K, reserved 516096K
}
Event: 1332.248 GC heap before
{Heap before GC invocations=93 (full 0):
 garbage-first heap   total 317440K, used 267946K [0x0000000080000000, 0x0000000100000000)
  region size 1024K, 36 young (36864K), 5 survivors (5120K)
 Metaspace       used 129749K, capacity 135730K, committed 136020K, reserved 634880K
  class space    used 16325K, capacity 18467K, committed 18508K, reserved 516096K
}
Event: 1332.259 GC heap after
{Heap after GC invocations=94 (full 0):
 garbage-first heap   total 317440K, used 238971K [0x0000000080000000, 0x0000000100000000)
  region size 1024K, 3 young (3072K), 3 survivors (3072K)
 Metaspace       used 129749K, capacity 135730K, committed 136020K, reserved 634880K
  class space    used 16325K, capacity 18467K, committed 18508K, reserved 516096K
}
Event: 1332.709 GC heap before
{Heap before GC invocations=95 (full 0):
 garbage-first heap   total 317440K, used 269691K [0x0000000080000000, 0x0000000100000000)
  region size 1024K, 34 young (34816K), 3 survivors (3072K)
 Metaspace       used 129832K, capacity 135819K, committed 136020K, reserved 634880K
  class space    used 16339K, capacity 18491K, committed 18508K, reserved 516096K
}
Event: 1332.716 GC heap after
{Heap after GC invocations=96 (full 0):
 garbage-first heap   total 317440K, used 239607K [0x0000000080000000, 0x0000000100000000)
  region size 1024K, 4 young (4096K), 4 survivors (4096K)
 Metaspace       used 129832K, capacity 135819K, committed 136020K, reserved 634880K
  class space    used 16339K, capacity 18491K, committed 18508K, reserved 516096K
}
Event: 1333.045 GC heap before
{Heap before GC invocations=96 (full 0):
 garbage-first heap   total 317440K, used 250871K [0x0000000080000000, 0x0000000100000000)
  region size 1024K, 15 young (15360K), 4 survivors (4096K)
 Metaspace       used 129832K, capacity 135819K, committed 136020K, reserved 634880K
  class space    used 16339K, capacity 18491K, committed 18508K, reserved 516096K
}
Event: 1333.053 GC heap after
{Heap after GC invocations=97 (full 0):
 garbage-first heap   total 317440K, used 235456K [0x0000000080000000, 0x0000000100000000)
  region size 1024K, 1 young (1024K), 1 survivors (1024K)
 Metaspace       used 129832K, capacity 135819K, committed 136020K, reserved 634880K
  class space    used 16339K, capacity 18491K, committed 18508K, reserved 516096K
}
Event: 1333.792 GC heap before
{Heap before GC invocations=97 (full 0):
 garbage-first heap   total 317440K, used 271296K [0x0000000080000000, 0x0000000100000000)
  region size 1024K, 36 young (36864K), 1 survivors (1024K)
 Metaspace       used 129832K, capacity 135819K, committed 136020K, reserved 634880K
  class space    used 16339K, capacity 18491K, committed 18508K, reserved 516096K
}
Event: 1333.796 GC heap after
{Heap after GC invocations=98 (full 0):
 garbage-first heap   total 317440K, used 235381K [0x0000000080000000, 0x0000000100000000)
  region size 1024K, 1 young (1024K), 1 survivors (1024K)
 Metaspace       used 129832K, capacity 135819K, committed 136020K, reserved 634880K
  class space    used 16339K, capacity 18491K, committed 18508K, reserved 516096K
}
Event: 1334.476 GC heap before
{Heap before GC invocations=99 (full 0):
 garbage-first heap   total 317440K, used 272245K [0x0000000080000000, 0x0000000100000000)
  region size 1024K, 37 young (37888K), 1 survivors (1024K)
 Metaspace       used 129971K, capacity 135995K, committed 136148K, reserved 634880K
  class space    used 16356K, capacity 18523K, committed 18636K, reserved 516096K
}
Event: 1334.481 GC heap after
{Heap after GC invocations=100 (full 0):
 garbage-first heap   total 317440K, used 237020K [0x0000000080000000, 0x0000000100000000)
  region size 1024K, 3 young (3072K), 3 survivors (3072K)
 Metaspace       used 129971K, capacity 135995K, committed 136148K, reserved 634880K
  class space    used 16356K, capacity 18523K, committed 18636K, reserved 516096K
}
Event: 1334.584 GC heap before
{Heap before GC invocations=100 (full 0):
 garbage-first heap   total 317440K, used 249308K [0x0000000080000000, 0x0000000100000000)
  region size 1024K, 15 young (15360K), 3 survivors (3072K)
 Metaspace       used 130026K, capacity 136027K, committed 136148K, reserved 634880K
  class space    used 16362K, capacity 18533K, committed 18636K, reserved 516096K
}
Event: 1334.594 GC heap after
{Heap after GC invocations=101 (full 0):
 garbage-first heap   total 317440K, used 235203K [0x0000000080000000, 0x0000000100000000)
  region size 1024K, 1 young (1024K), 1 survivors (1024K)
 Metaspace       used 130026K, capacity 136027K, committed 136148K, reserved 634880K
  class space    used 16362K, capacity 18533K, committed 18636K, reserved 516096K
}
Event: 1334.910 GC heap before
{Heap before GC invocations=101 (full 0):
 garbage-first heap   total 317440K, used 272067K [0x0000000080000000, 0x0000000100000000)
  region size 1024K, 37 young (37888K), 1 survivors (1024K)
 Metaspace       used 130220K, capacity 136327K, committed 136404K, reserved 634880K
  class space    used 16376K, capacity 18560K, committed 18636K, reserved 516096K
}
Event: 1334.919 GC heap after
{Heap after GC invocations=102 (full 0):
 garbage-first heap   total 380928K, used 236994K [0x0000000080000000, 0x0000000100000000)
  region size 1024K, 3 young (3072K), 3 survivors (3072K)
 Metaspace       used 130220K, capacity 136327K, committed 136404K, reserved 634880K
  class space    used 16376K, capacity 18560K, committed 18636K, reserved 516096K
}
Event: 2126.459 GC heap before
{Heap before GC invocations=103 (full 0):
 garbage-first heap   total 380928K, used 294338K [0x0000000080000000, 0x0000000100000000)
  region size 1024K, 59 young (60416K), 3 survivors (3072K)
 Metaspace       used 130308K, capacity 136410K, committed 136660K, reserved 634880K
  class space    used 16381K, capacity 18565K, committed 18636K, reserved 516096K
}
Event: 2126.482 GC heap after
{Heap after GC invocations=104 (full 0):
 garbage-first heap   total 380928K, used 237884K [0x0000000080000000, 0x0000000100000000)
  region size 1024K, 4 young (4096K), 4 survivors (4096K)
 Metaspace       used 130308K, capacity 136410K, committed 136660K, reserved 634880K
  class space    used 16381K, capacity 18565K, committed 18636K, reserved 516096K
}
Event: 4606.460 GC heap before
{Heap before GC invocations=104 (full 0):
 garbage-first heap   total 380928K, used 298300K [0x0000000080000000, 0x0000000100000000)
  region size 1024K, 63 young (64512K), 4 survivors (4096K)
 Metaspace       used 130326K, capacity 136474K, committed 136660K, reserved 634880K
  class space    used 16381K, capacity 18565K, committed 18636K, reserved 516096K
}
Event: 4606.479 GC heap after
{Heap after GC invocations=105 (full 0):
 garbage-first heap   total 380928K, used 237906K [0x0000000080000000, 0x0000000100000000)
  region size 1024K, 4 young (4096K), 4 survivors (4096K)
 Metaspace       used 130326K, capacity 136474K, committed 136660K, reserved 634880K
  class space    used 16381K, capacity 18565K, committed 18636K, reserved 516096K
}

