# JRE version: OpenJDK Runtime Environment 18.9 (11.0.16+8) (build 11.0.16+8)
# Java VM: OpenJDK 64-Bit Server VM 18.9 (11.0.16+8, mixed mode, tiered, compressed oops, g1 gc, windows-amd64)
Heap:
 garbage-first heap   total 183296K, used 143446K [0x0000000080000000, 0x0000000100000000)
  region size 1024K, 21 young (21504K), 4 survivors (4096K)
 Metaspace       used 102048K, capacity 106492K, committed 106708K, reserved 608256K
  class space    used 13398K, capacity 15088K, committed 15104K, reserved 516096K
GC Heap History (20 events):
Event: 23.477 GC heap before
{Heap before GC invocations=37 (full 0):
 garbage-first heap   total 152576K, used 109792K [0x0000000080000000, 0x0000000100000000)
  region size 1024K, 20 young (20480K), 3 survivors (3072K)
 Metaspace       used 94490K, capacity 98197K, committed 98260K, reserved 602112K
  class space    used 12455K, capacity 13824K, committed 13824K, reserved 516096K
}
Event: 23.493 GC heap after
{Heap after GC invocations=38 (full 0):
 garbage-first heap   total 152576K, used 96551K [0x0000000080000000, 0x0000000100000000)
  region size 1024K, 4 young (4096K), 4 survivors (4096K)
 Metaspace       used 94490K, capacity 98197K, committed 98260K, reserved 602112K
  class space    used 12455K, capacity 13824K, committed 13824K, reserved 516096K
}
Event: 23.792 GC heap before
{Heap before GC invocations=39 (full 0):
 garbage-first heap   total 152576K, used 125223K [0x0000000080000000, 0x0000000100000000)
  region size 1024K, 28 young (28672K), 4 survivors (4096K)
 Metaspace       used 95961K, capacity 99650K, committed 99796K, reserved 602112K
  class space    used 12645K, capacity 14031K, committed 14080K, reserved 516096K
}
Event: 23.798 GC heap after
{Heap after GC invocations=40 (full 0):
 garbage-first heap   total 152576K, used 103361K [0x0000000080000000, 0x0000000100000000)
  region size 1024K, 3 young (3072K), 3 survivors (3072K)
 Metaspace       used 95961K, capacity 99650K, committed 99796K, reserved 602112K
  class space    used 12645K, capacity 14031K, committed 14080K, reserved 516096K
}
Event: 24.011 GC heap before
{Heap before GC invocations=40 (full 0):
 garbage-first heap   total 152576K, used 125889K [0x0000000080000000, 0x0000000100000000)
  region size 1024K, 25 young (25600K), 3 survivors (3072K)
 Metaspace       used 96868K, capacity 100718K, committed 100948K, reserved 604160K
  class space    used 12767K, capacity 14189K, committed 14208K, reserved 516096K
}
Event: 24.017 GC heap after
{Heap after GC invocations=41 (full 0):
 garbage-first heap   total 152576K, used 105211K [0x0000000080000000, 0x0000000100000000)
  region size 1024K, 4 young (4096K), 4 survivors (4096K)
 Metaspace       used 96868K, capacity 100718K, committed 100948K, reserved 604160K
  class space    used 12767K, capacity 14189K, committed 14208K, reserved 516096K
}
Event: 24.403 GC heap before
{Heap before GC invocations=42 (full 0):
 garbage-first heap   total 152576K, used 125691K [0x0000000080000000, 0x0000000100000000)
  region size 1024K, 25 young (25600K), 4 survivors (4096K)
 Metaspace       used 97368K, capacity 101421K, committed 101588K, reserved 604160K
  class space    used 12806K, capacity 14317K, committed 14336K, reserved 516096K
}
Event: 24.411 GC heap after
{Heap after GC invocations=43 (full 0):
 garbage-first heap   total 152576K, used 108790K [0x0000000080000000, 0x0000000100000000)
  region size 1024K, 4 young (4096K), 4 survivors (4096K)
 Metaspace       used 97368K, capacity 101421K, committed 101588K, reserved 604160K
  class space    used 12806K, capacity 14317K, committed 14336K, reserved 516096K
}
Event: 24.486 GC heap before
{Heap before GC invocations=43 (full 0):
 garbage-first heap   total 152576K, used 114934K [0x0000000080000000, 0x0000000100000000)
  region size 1024K, 12 young (12288K), 4 survivors (4096K)
 Metaspace       used 97508K, capacity 101632K, committed 101972K, reserved 604160K
  class space    used 12832K, capacity 14371K, committed 14464K, reserved 516096K
}
Event: 24.492 GC heap after
{Heap after GC invocations=44 (full 0):
 garbage-first heap   total 152576K, used 109515K [0x0000000080000000, 0x0000000100000000)
  region size 1024K, 1 young (1024K), 1 survivors (1024K)
 Metaspace       used 97508K, capacity 101632K, committed 101972K, reserved 604160K
  class space    used 12832K, capacity 14371K, committed 14464K, reserved 516096K
}
Event: 24.759 GC heap before
{Heap before GC invocations=45 (full 0):
 garbage-first heap   total 152576K, used 131019K [0x0000000080000000, 0x0000000100000000)
  region size 1024K, 20 young (20480K), 1 survivors (1024K)
 Metaspace       used 97860K, capacity 102021K, committed 102228K, reserved 604160K
  class space    used 12886K, capacity 14434K, committed 14464K, reserved 516096K
}
Event: 24.762 GC heap after
{Heap after GC invocations=46 (full 0):
 garbage-first heap   total 152576K, used 117408K [0x0000000080000000, 0x0000000100000000)
  region size 1024K, 3 young (3072K), 3 survivors (3072K)
 Metaspace       used 97860K, capacity 102021K, committed 102228K, reserved 604160K
  class space    used 12886K, capacity 14434K, committed 14464K, reserved 516096K
}
Event: 24.857 GC heap before
{Heap before GC invocations=46 (full 0):
 garbage-first heap   total 152576K, used 130720K [0x0000000080000000, 0x0000000100000000)
  region size 1024K, 16 young (16384K), 3 survivors (3072K)
 Metaspace       used 98726K, capacity 102898K, committed 103124K, reserved 606208K
  class space    used 12987K, capacity 14532K, committed 14592K, reserved 516096K
}
Event: 24.863 GC heap after
{Heap after GC invocations=47 (full 0):
 garbage-first heap   total 183296K, used 117969K [0x0000000080000000, 0x0000000100000000)
  region size 1024K, 1 young (1024K), 1 survivors (1024K)
 Metaspace       used 98726K, capacity 102898K, committed 103124K, reserved 606208K
  class space    used 12987K, capacity 14532K, committed 14592K, reserved 516096K
}
Event: 25.144 GC heap before
{Heap before GC invocations=48 (full 0):
 garbage-first heap   total 183296K, used 142545K [0x0000000080000000, 0x0000000100000000)
  region size 1024K, 25 young (25600K), 1 survivors (1024K)
 Metaspace       used 99982K, capacity 104289K, committed 104404K, reserved 606208K
  class space    used 13159K, capacity 14813K, committed 14848K, reserved 516096K
}
Event: 25.148 GC heap after
{Heap after GC invocations=49 (full 0):
 garbage-first heap   total 183296K, used 120189K [0x0000000080000000, 0x0000000100000000)
  region size 1024K, 3 young (3072K), 3 survivors (3072K)
 Metaspace       used 99982K, capacity 104289K, committed 104404K, reserved 606208K
  class space    used 13159K, capacity 14813K, committed 14848K, reserved 516096K
}
Event: 25.412 GC heap before
{Heap before GC invocations=49 (full 0):
 garbage-first heap   total 183296K, used 132477K [0x0000000080000000, 0x0000000100000000)
  region size 1024K, 17 young (17408K), 3 survivors (3072K)
 Metaspace       used 100170K, capacity 104583K, committed 104660K, reserved 606208K
  class space    used 13161K, capacity 14816K, committed 14848K, reserved 516096K
}
Event: 25.417 GC heap after
{Heap after GC invocations=50 (full 0):
 garbage-first heap   total 183296K, used 122480K [0x0000000080000000, 0x0000000100000000)
  region size 1024K, 3 young (3072K), 3 survivors (3072K)
 Metaspace       used 100170K, capacity 104583K, committed 104660K, reserved 606208K
  class space    used 13161K, capacity 14816K, committed 14848K, reserved 516096K
}
Event: 25.673 GC heap before
{Heap before GC invocations=51 (full 0):
 garbage-first heap   total 183296K, used 145008K [0x0000000080000000, 0x0000000100000000)
  region size 1024K, 25 young (25600K), 3 survivors (3072K)
 Metaspace       used 101373K, capacity 105799K, committed 105940K, reserved 608256K
  class space    used 13315K, capacity 14985K, committed 15104K, reserved 516096K
}
Event: 25.677 GC heap after
{Heap after GC invocations=52 (full 0):
 garbage-first heap   total 183296K, used 127062K [0x0000000080000000, 0x0000000100000000)
  region size 1024K, 4 young (4096K), 4 survivors (4096K)
 Metaspace       used 101373K, capacity 105799K, committed 105940K, reserved 608256K
  class space    used 13315K, capacity 14985K, committed 15104K, reserved 516096K
}

